[INFO] -> [2019-05-29 11:34:36] : Processing Order Id  : 31
[INFO] -> [2019-05-29 11:34:36] : Reading input
[INFO] -> [2019-05-29 11:34:36] : Unzipping file - Fluxion.zip
[INFO] -> [2019-05-29 11:34:36] : Number of patient found: 2
[INFO] -> [2019-05-29 11:34:36] : Dependencies Zip file found. Proceeding with extraction
[INFO] -> [2019-05-29 11:34:38] : ############ parsing genomics ##############
[INFO] -> [2019-05-29 11:34:38] : Parsing completed for JFDI-0-1_Variant_Report_test1
[INFO] -> [2019-05-29 11:34:38] : loading pathway object
[INFO] -> [2019-05-29 11:34:38] : pathway object has been loaded.. Initiating PAS calc
[INFO] -> [2019-05-29 11:34:38] : running PAS calc for JFDI-0-1_Variant_Report_test1
[INFO] -> [2019-05-29 11:34:38] : sh /data/cw_utils/tools/Moonshot/dependencies/vcf_parser.sh -v /opt/lampp/htdocs/MelonomaPredictor_API/MELANOMA_DATA/31/input/Fluxion/JFDI-0-1_test1.vcf -i 65 -s NORMAL_VEP -a GRCh38 -o  /opt/lampp/htdocs/MelonomaPredictor_API/MELANOMA_DATA/31/execution_dir > /opt/lampp/htdocs/MelonomaPredictor_API/MELANOMA_DATA/31/execution_dir/JFDI-0-1_test1VEP_output.log 2>&1
[INFO] -> [2019-05-29 11:35:21] : Parsing completed for JFDI-0-1_test1
[INFO] -> [2019-05-29 11:35:21] : loading pathway object
[INFO] -> [2019-05-29 11:35:21] : pathway object has been loaded.. Initiating PAS calc
[INFO] -> [2019-05-29 11:35:21] : running PAS calc for JFDI-0-1_test1
[INFO] -> [2019-05-29 11:35:21] : Running: TRAMETINIB
[INFO] -> [2019-05-29 11:35:21] : Running Patient: JFDI-0-1_Variant_Report_test1
[INFO] -> [2019-05-29 11:35:21] : Checking Targets for TRAMETINIB in patient: JFDI-0-1_Variant_Report_test1
[INFO] -> [2019-05-29 11:35:21] : TRAMETINIB0.002299753919588512
[INFO] -> [2019-05-29 11:35:21] : Running Patient: JFDI-0-1_test1
[INFO] -> [2019-05-29 11:35:21] : Checking Targets for TRAMETINIB in patient: JFDI-0-1_test1
[INFO] -> [2019-05-29 11:35:21] : TRAMETINIB0.16443710859688082
[INFO] -> [2019-05-29 11:35:21] : Running: DABRAFENIB
[INFO] -> [2019-05-29 11:35:21] : Running Patient: JFDI-0-1_Variant_Report_test1
[INFO] -> [2019-05-29 11:35:21] : Checking Targets for DABRAFENIB in patient: JFDI-0-1_Variant_Report_test1
[INFO] -> [2019-05-29 11:35:21] : DABRAFENIB-0.18296934626041128
[INFO] -> [2019-05-29 11:35:21] : Running Patient: JFDI-0-1_test1
[INFO] -> [2019-05-29 11:35:21] : Checking Targets for DABRAFENIB in patient: JFDI-0-1_test1
[ERROR] -> [2019-05-29 11:35:21] : Skipping drug:", DABRAFENIB, "as specific targets do not exist
[INFO] -> [2019-05-29 11:35:21] : Running: NIVOLUMAB
[INFO] -> [2019-05-29 11:35:21] : Running Patient: JFDI-0-1_Variant_Report_test1
[INFO] -> [2019-05-29 11:35:21] : Checking Targets for NIVOLUMAB in patient: JFDI-0-1_Variant_Report_test1
[INFO] -> [2019-05-29 11:35:21] : NIVOLUMAB-0.07050781973055023
[INFO] -> [2019-05-29 11:35:21] : Running Patient: JFDI-0-1_test1
[INFO] -> [2019-05-29 11:35:21] : Checking Targets for NIVOLUMAB in patient: JFDI-0-1_test1
[INFO] -> [2019-05-29 11:35:21] : NIVOLUMAB-0.06672360889939993
[INFO] -> [2019-05-29 11:35:21] : Running: PEMBROLIZUMAB
[INFO] -> [2019-05-29 11:35:21] : Running Patient: JFDI-0-1_Variant_Report_test1
[INFO] -> [2019-05-29 11:35:21] : Checking Targets for PEMBROLIZUMAB in patient: JFDI-0-1_Variant_Report_test1
[INFO] -> [2019-05-29 11:35:21] : PEMBROLIZUMAB0.18013052601222448
[INFO] -> [2019-05-29 11:35:21] : Running Patient: JFDI-0-1_test1
[INFO] -> [2019-05-29 11:35:21] : Checking Targets for PEMBROLIZUMAB in patient: JFDI-0-1_test1
[INFO] -> [2019-05-29 11:35:21] : PEMBROLIZUMAB-0.10945976484707592
[INFO] -> [2019-05-29 11:35:21] : Running: VEMURAFENIB
[INFO] -> [2019-05-29 11:35:21] : Running Patient: JFDI-0-1_Variant_Report_test1
[INFO] -> [2019-05-29 11:35:21] : Checking Targets for VEMURAFENIB in patient: JFDI-0-1_Variant_Report_test1
[INFO] -> [2019-05-29 11:35:21] : VEMURAFENIB-0.06793562941208979
[INFO] -> [2019-05-29 11:35:21] : Running Patient: JFDI-0-1_test1
[INFO] -> [2019-05-29 11:35:21] : Checking Targets for VEMURAFENIB in patient: JFDI-0-1_test1
[ERROR] -> [2019-05-29 11:35:21] : Skipping drug:", VEMURAFENIB, "as specific targets do not exist
[INFO] -> [2019-05-29 11:35:21] : Running:NIVOLUMAB|PEMBROLIZUMAB for: JFDI-0-1_Variant_Report_test1
[INFO] -> [2019-05-29 11:35:21] : Running:NIVOLUMAB|PEMBROLIZUMAB for: JFDI-0-1_test1
[INFO] -> [2019-05-29 11:35:21] : Running:TRAMETINIB|VEMURAFENIB for: JFDI-0-1_Variant_Report_test1
[INFO] -> [2019-05-29 11:35:21] : Running:TRAMETINIB|VEMURAFENIB for: JFDI-0-1_test1
[INFO] -> [2019-05-29 11:35:21] : Running:TRAMETINIB|NIVOLUMAB for: JFDI-0-1_Variant_Report_test1
[INFO] -> [2019-05-29 11:35:21] : Running:TRAMETINIB|NIVOLUMAB for: JFDI-0-1_test1
[INFO] -> [2019-05-29 11:35:21] : Running:DABRAFENIB|PEMBROLIZUMAB for: JFDI-0-1_Variant_Report_test1
[INFO] -> [2019-05-29 11:35:21] : Running:DABRAFENIB|PEMBROLIZUMAB for: JFDI-0-1_test1
[INFO] -> [2019-05-29 11:35:21] : Running:DABRAFENIB|NIVOLUMAB for: JFDI-0-1_Variant_Report_test1
[INFO] -> [2019-05-29 11:35:21] : Running:DABRAFENIB|NIVOLUMAB for: JFDI-0-1_test1
[INFO] -> [2019-05-29 11:35:21] : Running:DABRAFENIB|VEMURAFENIB for: JFDI-0-1_Variant_Report_test1
[INFO] -> [2019-05-29 11:35:21] : Running:DABRAFENIB|VEMURAFENIB for: JFDI-0-1_test1
[INFO] -> [2019-05-29 11:35:21] : Running:PEMBROLIZUMAB|VEMURAFENIB for: JFDI-0-1_Variant_Report_test1
[INFO] -> [2019-05-29 11:35:21] : Running:PEMBROLIZUMAB|VEMURAFENIB for: JFDI-0-1_test1
[INFO] -> [2019-05-29 11:35:21] : Running:TRAMETINIB|DABRAFENIB for: JFDI-0-1_Variant_Report_test1
[INFO] -> [2019-05-29 11:35:21] : Running:TRAMETINIB|DABRAFENIB for: JFDI-0-1_test1
[INFO] -> [2019-05-29 11:35:21] : Running:NIVOLUMAB|VEMURAFENIB for: JFDI-0-1_Variant_Report_test1
[INFO] -> [2019-05-29 11:35:21] : Running:NIVOLUMAB|VEMURAFENIB for: JFDI-0-1_test1
[INFO] -> [2019-05-29 11:35:21] : Running:TRAMETINIB|PEMBROLIZUMAB for: JFDI-0-1_Variant_Report_test1
[INFO] -> [2019-05-29 11:35:21] : Running:TRAMETINIB|PEMBROLIZUMAB for: JFDI-0-1_test1
[INFO] -> [2019-05-29 11:35:21] : Parsing report for pid JFDI-0-1_Variant_Report_test1
[INFO] -> [2019-05-29 11:35:22] : Parsing report for pid JFDI-0-1_test1
[INFO] -> [2019-05-29 11:35:23] : Total Files Given As Input : 2
[INFO] -> [2019-05-29 11:35:23] : Files Processed Successfully : 2
[INFO] -> [2019-05-29 11:35:23] : Files In Unsupported Format : 0
[INFO] -> [2019-05-29 11:35:23] : Files Failed To Process : 0
[INFO] -> [2019-05-29 11:35:23] : UPDATE OrderDetails
                    SET Status = 1, 
                    CompletedOn = NOW(),  
                    ReportFileName = '/opt/lampp/htdocs/MelonomaPredictor_API/MELANOMA_DATA/31/output/31_20190529113523.pdf',  
                    LastModified = NOW()  
                    WHERE OrderId = 31
