[INFO] -> [2019-05-29 11:20:17] : Processing Order Id  : 28
[INFO] -> [2019-05-29 11:20:17] : Reading input
[INFO] -> [2019-05-29 11:20:17] : Unzipping file - Fluxion.zip
[INFO] -> [2019-05-29 11:20:17] : Number of patient found: 2
[INFO] -> [2019-05-29 11:20:17] : Dependencies Zip file found. Proceeding with extraction
[INFO] -> [2019-05-29 11:20:19] : ############ parsing genomics ##############
[INFO] -> [2019-05-29 11:20:19] : Parsing completed for JFDI-0-1_Variant_Report_test1
[INFO] -> [2019-05-29 11:20:19] : loading pathway object
[INFO] -> [2019-05-29 11:20:19] : pathway object has been loaded.. Initiating PAS calc
[INFO] -> [2019-05-29 11:20:19] : running PAS calc for JFDI-0-1_Variant_Report_test1
[INFO] -> [2019-05-29 11:20:19] : sh /data/cw_utils/tools/Moonshot/dependencies/vcf_parser.sh -v /opt/lampp/htdocs/MelonomaPredictor_API/MELANOMA_DATA/28/input/Fluxion/JFDI-0-1_test1.vcf -i 65 -s NORMAL_VEP -a GRCh38 -o  /opt/lampp/htdocs/MelonomaPredictor_API/MELANOMA_DATA/28/execution_dir > /opt/lampp/htdocs/MelonomaPredictor_API/MELANOMA_DATA/28/execution_dir/JFDI-0-1_test1VEP_output.log 2>&1
[INFO] -> [2019-05-29 11:21:03] : Parsing completed for JFDI-0-1_test1
[INFO] -> [2019-05-29 11:21:03] : loading pathway object
[INFO] -> [2019-05-29 11:21:03] : pathway object has been loaded.. Initiating PAS calc
[INFO] -> [2019-05-29 11:21:03] : running PAS calc for JFDI-0-1_test1
[INFO] -> [2019-05-29 11:21:03] : Running: TRAMETINIB
[INFO] -> [2019-05-29 11:21:03] : Running Patient: JFDI-0-1_Variant_Report_test1
[INFO] -> [2019-05-29 11:21:03] : Checking Targets for TRAMETINIB in patient: JFDI-0-1_Variant_Report_test1
[INFO] -> [2019-05-29 11:21:03] : TRAMETINIB0.0022997539195885076
[INFO] -> [2019-05-29 11:21:03] : Running Patient: JFDI-0-1_test1
[INFO] -> [2019-05-29 11:21:03] : Checking Targets for TRAMETINIB in patient: JFDI-0-1_test1
[INFO] -> [2019-05-29 11:21:03] : TRAMETINIB0.16443710859688082
[INFO] -> [2019-05-29 11:21:03] : Running: DABRAFENIB
[INFO] -> [2019-05-29 11:21:03] : Running Patient: JFDI-0-1_Variant_Report_test1
[INFO] -> [2019-05-29 11:21:03] : Checking Targets for DABRAFENIB in patient: JFDI-0-1_Variant_Report_test1
[INFO] -> [2019-05-29 11:21:03] : DABRAFENIB-0.18296934626041123
[INFO] -> [2019-05-29 11:21:03] : Running Patient: JFDI-0-1_test1
[INFO] -> [2019-05-29 11:21:03] : Checking Targets for DABRAFENIB in patient: JFDI-0-1_test1
[ERROR] -> [2019-05-29 11:21:03] : Skipping drug:", DABRAFENIB, "as specific targets do not exist
[INFO] -> [2019-05-29 11:21:03] : Running: NIVOLUMAB
[INFO] -> [2019-05-29 11:21:03] : Running Patient: JFDI-0-1_Variant_Report_test1
[INFO] -> [2019-05-29 11:21:03] : Checking Targets for NIVOLUMAB in patient: JFDI-0-1_Variant_Report_test1
[INFO] -> [2019-05-29 11:21:03] : NIVOLUMAB-0.07050781973055016
[INFO] -> [2019-05-29 11:21:03] : Running Patient: JFDI-0-1_test1
[INFO] -> [2019-05-29 11:21:03] : Checking Targets for NIVOLUMAB in patient: JFDI-0-1_test1
[INFO] -> [2019-05-29 11:21:03] : NIVOLUMAB-0.0667236088993999
[INFO] -> [2019-05-29 11:21:03] : Running: PEMBROLIZUMAB
[INFO] -> [2019-05-29 11:21:03] : Running Patient: JFDI-0-1_Variant_Report_test1
[INFO] -> [2019-05-29 11:21:03] : Checking Targets for PEMBROLIZUMAB in patient: JFDI-0-1_Variant_Report_test1
[INFO] -> [2019-05-29 11:21:03] : PEMBROLIZUMAB0.18013052601222446
[INFO] -> [2019-05-29 11:21:03] : Running Patient: JFDI-0-1_test1
[INFO] -> [2019-05-29 11:21:03] : Checking Targets for PEMBROLIZUMAB in patient: JFDI-0-1_test1
[INFO] -> [2019-05-29 11:21:03] : PEMBROLIZUMAB-0.10945976484707587
[INFO] -> [2019-05-29 11:21:03] : Running: VEMURAFENIB
[INFO] -> [2019-05-29 11:21:03] : Running Patient: JFDI-0-1_Variant_Report_test1
[INFO] -> [2019-05-29 11:21:03] : Checking Targets for VEMURAFENIB in patient: JFDI-0-1_Variant_Report_test1
[INFO] -> [2019-05-29 11:21:03] : VEMURAFENIB-0.06793562941208979
[INFO] -> [2019-05-29 11:21:03] : Running Patient: JFDI-0-1_test1
[INFO] -> [2019-05-29 11:21:03] : Checking Targets for VEMURAFENIB in patient: JFDI-0-1_test1
[ERROR] -> [2019-05-29 11:21:03] : Skipping drug:", VEMURAFENIB, "as specific targets do not exist
[INFO] -> [2019-05-29 11:21:03] : Running:TRAMETINIB|DABRAFENIB for: JFDI-0-1_Variant_Report_test1
[INFO] -> [2019-05-29 11:21:03] : Running:TRAMETINIB|DABRAFENIB for: JFDI-0-1_test1
[INFO] -> [2019-05-29 11:21:03] : Running:NIVOLUMAB|PEMBROLIZUMAB for: JFDI-0-1_Variant_Report_test1
[INFO] -> [2019-05-29 11:21:03] : Running:NIVOLUMAB|PEMBROLIZUMAB for: JFDI-0-1_test1
[INFO] -> [2019-05-29 11:21:03] : Running:PEMBROLIZUMAB|VEMURAFENIB for: JFDI-0-1_Variant_Report_test1
[INFO] -> [2019-05-29 11:21:03] : Running:PEMBROLIZUMAB|VEMURAFENIB for: JFDI-0-1_test1
[INFO] -> [2019-05-29 11:21:03] : Running:TRAMETINIB|PEMBROLIZUMAB for: JFDI-0-1_Variant_Report_test1
[INFO] -> [2019-05-29 11:21:03] : Running:TRAMETINIB|PEMBROLIZUMAB for: JFDI-0-1_test1
[INFO] -> [2019-05-29 11:21:03] : Running:NIVOLUMAB|VEMURAFENIB for: JFDI-0-1_Variant_Report_test1
[INFO] -> [2019-05-29 11:21:03] : Running:NIVOLUMAB|VEMURAFENIB for: JFDI-0-1_test1
[INFO] -> [2019-05-29 11:21:03] : Running:TRAMETINIB|NIVOLUMAB for: JFDI-0-1_Variant_Report_test1
[INFO] -> [2019-05-29 11:21:03] : Running:TRAMETINIB|NIVOLUMAB for: JFDI-0-1_test1
[INFO] -> [2019-05-29 11:21:03] : Running:DABRAFENIB|VEMURAFENIB for: JFDI-0-1_Variant_Report_test1
[INFO] -> [2019-05-29 11:21:03] : Running:DABRAFENIB|VEMURAFENIB for: JFDI-0-1_test1
[INFO] -> [2019-05-29 11:21:03] : Running:TRAMETINIB|VEMURAFENIB for: JFDI-0-1_Variant_Report_test1
[INFO] -> [2019-05-29 11:21:03] : Running:TRAMETINIB|VEMURAFENIB for: JFDI-0-1_test1
[INFO] -> [2019-05-29 11:21:03] : Running:DABRAFENIB|PEMBROLIZUMAB for: JFDI-0-1_Variant_Report_test1
[INFO] -> [2019-05-29 11:21:03] : Running:DABRAFENIB|PEMBROLIZUMAB for: JFDI-0-1_test1
[INFO] -> [2019-05-29 11:21:03] : Running:DABRAFENIB|NIVOLUMAB for: JFDI-0-1_Variant_Report_test1
[INFO] -> [2019-05-29 11:21:03] : Running:DABRAFENIB|NIVOLUMAB for: JFDI-0-1_test1
[INFO] -> [2019-05-29 11:21:03] : Parsing report for pid JFDI-0-1_Variant_Report_test1
[INFO] -> [2019-05-29 11:21:05] : Parsing report for pid JFDI-0-1_test1
[INFO] -> [2019-05-29 11:21:06] : Total Files Given As Input : 2
[INFO] -> [2019-05-29 11:21:06] : Files Processed Successfully : 2
[INFO] -> [2019-05-29 11:21:06] : Files In Unsupported Format : 0
[INFO] -> [2019-05-29 11:21:06] : Files Failed To Process : 0
[INFO] -> [2019-05-29 11:21:06] : UPDATE OrderDetails
                    SET Status = 1, 
                    CompletedOn = NOW(),  
                    ReportFileName = '/opt/lampp/htdocs/MelonomaPredictor_API/MELANOMA_DATA/28/output/28_20190529112106.pdf',  
                    LastModified = NOW()  
                    WHERE OrderId = 28
