[INFO] -> [2019-05-29 10:47:21] : Processing Order Id  : 27
[INFO] -> [2019-05-29 10:47:21] : Reading input
[INFO] -> [2019-05-29 10:47:21] : Unzipping file - Fluxion.zip
[INFO] -> [2019-05-29 10:47:21] : Number of patient found: 2
[INFO] -> [2019-05-29 10:47:21] : Dependencies Zip file found. Proceeding with extraction
[INFO] -> [2019-05-29 10:47:23] : ############ parsing genomics ##############
[INFO] -> [2019-05-29 10:47:23] : Parsing completed for JFDI-0-1_Variant_Report_test1
[INFO] -> [2019-05-29 10:47:23] : loading pathway object
[INFO] -> [2019-05-29 10:47:24] : pathway object has been loaded.. Initiating PAS calc
[INFO] -> [2019-05-29 10:47:24] : running PAS calc for JFDI-0-1_Variant_Report_test1
[INFO] -> [2019-05-29 10:47:24] : sh /data/cw_utils/tools/Moonshot/dependencies/vcf_parser.sh -v /opt/lampp/htdocs/MelonomaPredictor_API/MELANOMA_DATA/27/input/Fluxion/JFDI-0-1_test1.vcf -i 65 -s NORMAL_VEP -a GRCh38 -o  /opt/lampp/htdocs/MelonomaPredictor_API/MELANOMA_DATA/27/execution_dir > /opt/lampp/htdocs/MelonomaPredictor_API/MELANOMA_DATA/27/execution_dir/JFDI-0-1_test1VEP_output.log 2>&1
[INFO] -> [2019-05-29 10:48:07] : Parsing completed for JFDI-0-1_test1
[INFO] -> [2019-05-29 10:48:07] : loading pathway object
[INFO] -> [2019-05-29 10:48:07] : pathway object has been loaded.. Initiating PAS calc
[INFO] -> [2019-05-29 10:48:07] : running PAS calc for JFDI-0-1_test1
[INFO] -> [2019-05-29 10:48:07] : Running: TRAMETINIB
[INFO] -> [2019-05-29 10:48:07] : Running Patient: JFDI-0-1_Variant_Report_test1
[INFO] -> [2019-05-29 10:48:07] : Checking Targets for TRAMETINIB in patient: JFDI-0-1_Variant_Report_test1
[INFO] -> [2019-05-29 10:48:07] : TRAMETINIB0.002299753919588511
[INFO] -> [2019-05-29 10:48:07] : Running Patient: JFDI-0-1_test1
[INFO] -> [2019-05-29 10:48:07] : Checking Targets for TRAMETINIB in patient: JFDI-0-1_test1
[INFO] -> [2019-05-29 10:48:07] : TRAMETINIB0.16443710859688082
[INFO] -> [2019-05-29 10:48:07] : Running: DABRAFENIB
[INFO] -> [2019-05-29 10:48:07] : Running Patient: JFDI-0-1_Variant_Report_test1
[INFO] -> [2019-05-29 10:48:07] : Checking Targets for DABRAFENIB in patient: JFDI-0-1_Variant_Report_test1
[INFO] -> [2019-05-29 10:48:07] : DABRAFENIB-0.18296934626041128
[INFO] -> [2019-05-29 10:48:07] : Running Patient: JFDI-0-1_test1
[INFO] -> [2019-05-29 10:48:07] : Checking Targets for DABRAFENIB in patient: JFDI-0-1_test1
[ERROR] -> [2019-05-29 10:48:07] : Skipping drug:", DABRAFENIB, "as specific targets do not exist
[INFO] -> [2019-05-29 10:48:07] : Running: NIVOLUMAB
[INFO] -> [2019-05-29 10:48:07] : Running Patient: JFDI-0-1_Variant_Report_test1
[INFO] -> [2019-05-29 10:48:07] : Checking Targets for NIVOLUMAB in patient: JFDI-0-1_Variant_Report_test1
[INFO] -> [2019-05-29 10:48:07] : NIVOLUMAB-0.0705078197305502
[INFO] -> [2019-05-29 10:48:07] : Running Patient: JFDI-0-1_test1
[INFO] -> [2019-05-29 10:48:07] : Checking Targets for NIVOLUMAB in patient: JFDI-0-1_test1
[INFO] -> [2019-05-29 10:48:07] : NIVOLUMAB-0.06672360889939993
[INFO] -> [2019-05-29 10:48:07] : Running: PEMBROLIZUMAB
[INFO] -> [2019-05-29 10:48:07] : Running Patient: JFDI-0-1_Variant_Report_test1
[INFO] -> [2019-05-29 10:48:07] : Checking Targets for PEMBROLIZUMAB in patient: JFDI-0-1_Variant_Report_test1
[INFO] -> [2019-05-29 10:48:07] : PEMBROLIZUMAB0.18013052601222448
[INFO] -> [2019-05-29 10:48:07] : Running Patient: JFDI-0-1_test1
[INFO] -> [2019-05-29 10:48:07] : Checking Targets for PEMBROLIZUMAB in patient: JFDI-0-1_test1
[INFO] -> [2019-05-29 10:48:07] : PEMBROLIZUMAB-0.1094597648470759
[INFO] -> [2019-05-29 10:48:07] : Running: VEMURAFENIB
[INFO] -> [2019-05-29 10:48:07] : Running Patient: JFDI-0-1_Variant_Report_test1
[INFO] -> [2019-05-29 10:48:07] : Checking Targets for VEMURAFENIB in patient: JFDI-0-1_Variant_Report_test1
[INFO] -> [2019-05-29 10:48:07] : VEMURAFENIB-0.0679356294120898
[INFO] -> [2019-05-29 10:48:07] : Running Patient: JFDI-0-1_test1
[INFO] -> [2019-05-29 10:48:07] : Checking Targets for VEMURAFENIB in patient: JFDI-0-1_test1
[ERROR] -> [2019-05-29 10:48:07] : Skipping drug:", VEMURAFENIB, "as specific targets do not exist
[INFO] -> [2019-05-29 10:48:07] : Running:TRAMETINIB|PEMBROLIZUMAB for: JFDI-0-1_Variant_Report_test1
[INFO] -> [2019-05-29 10:48:07] : Running:TRAMETINIB|PEMBROLIZUMAB for: JFDI-0-1_test1
[INFO] -> [2019-05-29 10:48:07] : Running:TRAMETINIB|DABRAFENIB for: JFDI-0-1_Variant_Report_test1
[INFO] -> [2019-05-29 10:48:07] : Running:TRAMETINIB|DABRAFENIB for: JFDI-0-1_test1
[INFO] -> [2019-05-29 10:48:07] : Running:DABRAFENIB|NIVOLUMAB for: JFDI-0-1_Variant_Report_test1
[INFO] -> [2019-05-29 10:48:07] : Running:DABRAFENIB|NIVOLUMAB for: JFDI-0-1_test1
[INFO] -> [2019-05-29 10:48:07] : Running:NIVOLUMAB|PEMBROLIZUMAB for: JFDI-0-1_Variant_Report_test1
[INFO] -> [2019-05-29 10:48:07] : Running:NIVOLUMAB|PEMBROLIZUMAB for: JFDI-0-1_test1
[INFO] -> [2019-05-29 10:48:07] : Running:DABRAFENIB|PEMBROLIZUMAB for: JFDI-0-1_Variant_Report_test1
[INFO] -> [2019-05-29 10:48:07] : Running:DABRAFENIB|PEMBROLIZUMAB for: JFDI-0-1_test1
[INFO] -> [2019-05-29 10:48:07] : Running:TRAMETINIB|NIVOLUMAB for: JFDI-0-1_Variant_Report_test1
[INFO] -> [2019-05-29 10:48:07] : Running:TRAMETINIB|NIVOLUMAB for: JFDI-0-1_test1
[INFO] -> [2019-05-29 10:48:07] : Running:NIVOLUMAB|VEMURAFENIB for: JFDI-0-1_Variant_Report_test1
[INFO] -> [2019-05-29 10:48:07] : Running:NIVOLUMAB|VEMURAFENIB for: JFDI-0-1_test1
[INFO] -> [2019-05-29 10:48:07] : Running:DABRAFENIB|VEMURAFENIB for: JFDI-0-1_Variant_Report_test1
[INFO] -> [2019-05-29 10:48:07] : Running:DABRAFENIB|VEMURAFENIB for: JFDI-0-1_test1
[INFO] -> [2019-05-29 10:48:07] : Running:TRAMETINIB|VEMURAFENIB for: JFDI-0-1_Variant_Report_test1
[INFO] -> [2019-05-29 10:48:07] : Running:TRAMETINIB|VEMURAFENIB for: JFDI-0-1_test1
[INFO] -> [2019-05-29 10:48:07] : Running:PEMBROLIZUMAB|VEMURAFENIB for: JFDI-0-1_Variant_Report_test1
[INFO] -> [2019-05-29 10:48:07] : Running:PEMBROLIZUMAB|VEMURAFENIB for: JFDI-0-1_test1
[INFO] -> [2019-05-29 10:48:07] : Parsing report for pid JFDI-0-1_Variant_Report_test1
[INFO] -> [2019-05-29 10:48:09] : Parsing report for pid JFDI-0-1_test1
[INFO] -> [2019-05-29 10:48:10] : Total Files Given As Input : 2
[INFO] -> [2019-05-29 10:48:10] : Files Processed Successfully : 2
[INFO] -> [2019-05-29 10:48:10] : Files In Unsupported Format : 0
[INFO] -> [2019-05-29 10:48:10] : Files Failed To Process : 0
[INFO] -> [2019-05-29 10:48:10] : UPDATE OrderDetails
                    SET Status = 1, 
                    CompletedOn = NOW(),  
                    ReportFileName = '/opt/lampp/htdocs/MelonomaPredictor_API/MELANOMA_DATA/27/output/27_20190529104810.pdf',  
                    LastModified = NOW()  
                    WHERE OrderId = 27
