[INFO] -> [2019-05-29 11:25:23] : Processing Order Id  : 29
[INFO] -> [2019-05-29 11:25:23] : Reading input
[INFO] -> [2019-05-29 11:25:23] : Unzipping file - Fluxion.zip
[INFO] -> [2019-05-29 11:25:23] : Number of patient found: 2
[INFO] -> [2019-05-29 11:25:23] : Dependencies Zip file found. Proceeding with extraction
[INFO] -> [2019-05-29 11:25:25] : ############ parsing genomics ##############
[INFO] -> [2019-05-29 11:25:25] : Parsing completed for JFDI-0-1_Variant_Report_test1
[INFO] -> [2019-05-29 11:25:25] : loading pathway object
[INFO] -> [2019-05-29 11:25:25] : pathway object has been loaded.. Initiating PAS calc
[INFO] -> [2019-05-29 11:25:25] : running PAS calc for JFDI-0-1_Variant_Report_test1
[INFO] -> [2019-05-29 11:25:25] : sh /data/cw_utils/tools/Moonshot/dependencies/vcf_parser.sh -v /opt/lampp/htdocs/MelonomaPredictor_API/MELANOMA_DATA/29/input/Fluxion/JFDI-0-1_test1.vcf -i 65 -s NORMAL_VEP -a GRCh38 -o  /opt/lampp/htdocs/MelonomaPredictor_API/MELANOMA_DATA/29/execution_dir > /opt/lampp/htdocs/MelonomaPredictor_API/MELANOMA_DATA/29/execution_dir/JFDI-0-1_test1VEP_output.log 2>&1
[INFO] -> [2019-05-29 11:26:08] : Parsing completed for JFDI-0-1_test1
[INFO] -> [2019-05-29 11:26:08] : loading pathway object
[INFO] -> [2019-05-29 11:26:08] : pathway object has been loaded.. Initiating PAS calc
[INFO] -> [2019-05-29 11:26:08] : running PAS calc for JFDI-0-1_test1
[INFO] -> [2019-05-29 11:26:08] : Running: TRAMETINIB
[INFO] -> [2019-05-29 11:26:08] : Running Patient: JFDI-0-1_Variant_Report_test1
[INFO] -> [2019-05-29 11:26:08] : Checking Targets for TRAMETINIB in patient: JFDI-0-1_Variant_Report_test1
[INFO] -> [2019-05-29 11:26:08] : TRAMETINIB0.0022997539195885076
[INFO] -> [2019-05-29 11:26:08] : Running Patient: JFDI-0-1_test1
[INFO] -> [2019-05-29 11:26:08] : Checking Targets for TRAMETINIB in patient: JFDI-0-1_test1
[INFO] -> [2019-05-29 11:26:08] : TRAMETINIB0.16443710859688082
[INFO] -> [2019-05-29 11:26:08] : Running: DABRAFENIB
[INFO] -> [2019-05-29 11:26:08] : Running Patient: JFDI-0-1_Variant_Report_test1
[INFO] -> [2019-05-29 11:26:08] : Checking Targets for DABRAFENIB in patient: JFDI-0-1_Variant_Report_test1
[INFO] -> [2019-05-29 11:26:08] : DABRAFENIB-0.18296934626041128
[INFO] -> [2019-05-29 11:26:08] : Running Patient: JFDI-0-1_test1
[INFO] -> [2019-05-29 11:26:08] : Checking Targets for DABRAFENIB in patient: JFDI-0-1_test1
[ERROR] -> [2019-05-29 11:26:08] : Skipping drug:", DABRAFENIB, "as specific targets do not exist
[INFO] -> [2019-05-29 11:26:08] : Running: NIVOLUMAB
[INFO] -> [2019-05-29 11:26:08] : Running Patient: JFDI-0-1_Variant_Report_test1
[INFO] -> [2019-05-29 11:26:08] : Checking Targets for NIVOLUMAB in patient: JFDI-0-1_Variant_Report_test1
[INFO] -> [2019-05-29 11:26:08] : NIVOLUMAB-0.0705078197305502
[INFO] -> [2019-05-29 11:26:08] : Running Patient: JFDI-0-1_test1
[INFO] -> [2019-05-29 11:26:08] : Checking Targets for NIVOLUMAB in patient: JFDI-0-1_test1
[INFO] -> [2019-05-29 11:26:08] : NIVOLUMAB-0.06672360889939999
[INFO] -> [2019-05-29 11:26:08] : Running: PEMBROLIZUMAB
[INFO] -> [2019-05-29 11:26:08] : Running Patient: JFDI-0-1_Variant_Report_test1
[INFO] -> [2019-05-29 11:26:08] : Checking Targets for PEMBROLIZUMAB in patient: JFDI-0-1_Variant_Report_test1
[INFO] -> [2019-05-29 11:26:08] : PEMBROLIZUMAB0.1801305260122245
[INFO] -> [2019-05-29 11:26:08] : Running Patient: JFDI-0-1_test1
[INFO] -> [2019-05-29 11:26:08] : Checking Targets for PEMBROLIZUMAB in patient: JFDI-0-1_test1
[INFO] -> [2019-05-29 11:26:08] : PEMBROLIZUMAB-0.10945976484707595
[INFO] -> [2019-05-29 11:26:08] : Running: VEMURAFENIB
[INFO] -> [2019-05-29 11:26:08] : Running Patient: JFDI-0-1_Variant_Report_test1
[INFO] -> [2019-05-29 11:26:08] : Checking Targets for VEMURAFENIB in patient: JFDI-0-1_Variant_Report_test1
[INFO] -> [2019-05-29 11:26:08] : VEMURAFENIB-0.06793562941208982
[INFO] -> [2019-05-29 11:26:08] : Running Patient: JFDI-0-1_test1
[INFO] -> [2019-05-29 11:26:08] : Checking Targets for VEMURAFENIB in patient: JFDI-0-1_test1
[ERROR] -> [2019-05-29 11:26:08] : Skipping drug:", VEMURAFENIB, "as specific targets do not exist
[INFO] -> [2019-05-29 11:26:08] : Running:NIVOLUMAB|VEMURAFENIB for: JFDI-0-1_Variant_Report_test1
[INFO] -> [2019-05-29 11:26:08] : Running:NIVOLUMAB|VEMURAFENIB for: JFDI-0-1_test1
[INFO] -> [2019-05-29 11:26:08] : Running:DABRAFENIB|VEMURAFENIB for: JFDI-0-1_Variant_Report_test1
[INFO] -> [2019-05-29 11:26:08] : Running:DABRAFENIB|VEMURAFENIB for: JFDI-0-1_test1
[INFO] -> [2019-05-29 11:26:08] : Running:TRAMETINIB|VEMURAFENIB for: JFDI-0-1_Variant_Report_test1
[INFO] -> [2019-05-29 11:26:08] : Running:TRAMETINIB|VEMURAFENIB for: JFDI-0-1_test1
[INFO] -> [2019-05-29 11:26:08] : Running:NIVOLUMAB|PEMBROLIZUMAB for: JFDI-0-1_Variant_Report_test1
[INFO] -> [2019-05-29 11:26:08] : Running:NIVOLUMAB|PEMBROLIZUMAB for: JFDI-0-1_test1
[INFO] -> [2019-05-29 11:26:08] : Running:TRAMETINIB|DABRAFENIB for: JFDI-0-1_Variant_Report_test1
[INFO] -> [2019-05-29 11:26:08] : Running:TRAMETINIB|DABRAFENIB for: JFDI-0-1_test1
[INFO] -> [2019-05-29 11:26:08] : Running:TRAMETINIB|NIVOLUMAB for: JFDI-0-1_Variant_Report_test1
[INFO] -> [2019-05-29 11:26:08] : Running:TRAMETINIB|NIVOLUMAB for: JFDI-0-1_test1
[INFO] -> [2019-05-29 11:26:08] : Running:PEMBROLIZUMAB|VEMURAFENIB for: JFDI-0-1_Variant_Report_test1
[INFO] -> [2019-05-29 11:26:08] : Running:PEMBROLIZUMAB|VEMURAFENIB for: JFDI-0-1_test1
[INFO] -> [2019-05-29 11:26:08] : Running:DABRAFENIB|NIVOLUMAB for: JFDI-0-1_Variant_Report_test1
[INFO] -> [2019-05-29 11:26:08] : Running:DABRAFENIB|NIVOLUMAB for: JFDI-0-1_test1
[INFO] -> [2019-05-29 11:26:08] : Running:DABRAFENIB|PEMBROLIZUMAB for: JFDI-0-1_Variant_Report_test1
[INFO] -> [2019-05-29 11:26:08] : Running:DABRAFENIB|PEMBROLIZUMAB for: JFDI-0-1_test1
[INFO] -> [2019-05-29 11:26:08] : Running:TRAMETINIB|PEMBROLIZUMAB for: JFDI-0-1_Variant_Report_test1
[INFO] -> [2019-05-29 11:26:08] : Running:TRAMETINIB|PEMBROLIZUMAB for: JFDI-0-1_test1
[INFO] -> [2019-05-29 11:26:08] : Parsing report for pid JFDI-0-1_Variant_Report_test1
[INFO] -> [2019-05-29 11:26:09] : Parsing report for pid JFDI-0-1_test1
[INFO] -> [2019-05-29 11:26:11] : Total Files Given As Input : 2
[INFO] -> [2019-05-29 11:26:11] : Files Processed Successfully : 2
[INFO] -> [2019-05-29 11:26:11] : Files In Unsupported Format : 0
[INFO] -> [2019-05-29 11:26:11] : Files Failed To Process : 0
[INFO] -> [2019-05-29 11:26:11] : UPDATE OrderDetails
                    SET Status = 1, 
                    CompletedOn = NOW(),  
                    ReportFileName = '/opt/lampp/htdocs/MelonomaPredictor_API/MELANOMA_DATA/29/output/29_20190529112611.pdf',  
                    LastModified = NOW()  
                    WHERE OrderId = 29
